db/src/gen/.hdiconfig
db/src/gen/.hdinamespace
db/src/gen/Mi_Item_Category_Lng.hdbtable
db/src/gen/cm.CalendarHolidayMgrService.Calendar_Holiday.hdbview
db/src/gen/cm.Calendar_Holiday.hdbtable
db/src/gen/cm.CodeMgrService.CodeCombo.hdbview
db/src/gen/cm.CodeMgrService.CodeDetails.hdbview
db/src/gen/cm.CodeMgrService.CodeLanguages.hdbview
db/src/gen/cm.CodeMgrService.CodeMasters.hdbview
db/src/gen/cm.Code_Dtl.hdbtable
db/src/gen/cm.Code_Lng.hdbtable
db/src/gen/cm.Code_Mst.hdbtable
db/src/gen/cm.ControlOptionMgrService.ControlOptionDetails.hdbview
db/src/gen/cm.ControlOptionMgrService.ControlOptionMasters.hdbview
db/src/gen/cm.Control_Option_Dtl.hdbtable
db/src/gen/cm.Control_Option_Mst.hdbtable
db/src/gen/cm.Country.hdbtable
db/src/gen/cm.CountryMgrService.Country.hdbview
db/src/gen/cm.CountryMgrService.CountryLng.hdbview
db/src/gen/cm.Country_Lng.hdbtable
db/src/gen/cm.Currency.hdbtable
db/src/gen/cm.CurrencyMgrService.Currency.hdbview
db/src/gen/cm.CurrencyMgrService.CurrencyLng.hdbview
db/src/gen/cm.CurrencyMgrService.CurrencyView.hdbview
db/src/gen/cm.Currency_Lng.hdbtable
db/src/gen/cm.HrEmployeeMgrService.HrEmployee.hdbview
db/src/gen/cm.Hr_Department.hdbtable
db/src/gen/cm.Hr_Employee.hdbtable
db/src/gen/cm.Message.hdbtable
db/src/gen/cm.MsgMgrService.Message.hdbview
db/src/gen/cm.OrgMgrService.Org_Business.hdbview
db/src/gen/cm.OrgMgrService.Org_Company.hdbview
db/src/gen/cm.OrgMgrService.Org_Division.hdbview
db/src/gen/cm.OrgMgrService.Org_Plant.hdbview
db/src/gen/cm.OrgMgrService.Org_Purchasing.hdbview
db/src/gen/cm.OrgMgrService.Org_Tenant.hdbview
db/src/gen/cm.Org_Business.hdbtable
db/src/gen/cm.Org_Company.hdbtable
db/src/gen/cm.Org_Division.hdbtable
db/src/gen/cm.Org_Plant.hdbtable
db/src/gen/cm.Org_Purchasing.hdbtable
db/src/gen/cm.Org_Tenant.hdbtable
db/src/gen/cm.TimeZoneMgrService.TimeZone.hdbview
db/src/gen/cm.Time_Zone.hdbtable
db/src/gen/dp.DetailSpecEntryService.ItemSpec.hdbview
db/src/gen/dp.DevelopmentReceiptService.MoldMasters.hdbview
db/src/gen/dp.Item_Spec.hdbtable
db/src/gen/dp.Mold_Mst.hdbtable
db/src/gen/dp.Sc_Part_Category.hdbtable
db/src/gen/dp.Sc_Part_Category_Auth.hdbtable
db/src/gen/dp.Sc_Part_Category_Class.hdbtable
db/src/gen/dp.Sc_Part_Class.hdbtable
db/src/gen/dp.Sc_Part_Class_Spec_Name.hdbtable
db/src/gen/dp.Sc_Spec_Name.hdbtable
db/src/gen/dp.Sc_Spec_Name_Lov.hdbtable
db/src/gen/dp.Sc_Uri_Link.hdbtable
db/src/gen/ep.LoiMgrService.LOIPublishItemView.hdbview
db/src/gen/ep.LoiMgrService.LOIRequestView.hdbview
db/src/gen/ep.LoiMgrService.LoiDtl.hdbview
db/src/gen/ep.LoiMgrService.LoiMst.hdbview
db/src/gen/ep.LoiMgrService.LoiPublish.hdbview
db/src/gen/ep.LoiMgrService.LoiVendor.hdbview
db/src/gen/ep.LoiMgrService.LoiVendorSelection.hdbview
db/src/gen/ep.Loi_Dtl.hdbtable
db/src/gen/ep.Loi_Mst.hdbtable
db/src/gen/ep.Loi_Publish.hdbtable
db/src/gen/ep.Loi_Vendor.hdbtable
db/src/gen/ep.Loi_Vendor_Selection.hdbtable
db/src/gen/mc.Recv_VI_Result.hdbtable
db/src/gen/pg.MdCategory.Md_Category_Id.hdbview
db/src/gen/pg.MdCategory.Md_Category_Item.hdbview
db/src/gen/pg.Md_Category_Id.hdbtable
db/src/gen/pg.Md_Category_Item.hdbtable
db/src/gen/pg.MiItemMasterService.MiItemMasters.hdbview
db/src/gen/pg.Mi_Item_Category.hdbtable
db/src/gen/pg.Mi_Item_Master.hdbtable
db/src/gen/pg.Mi_Item_Master_Lng.hdbtable
db/src/gen/pg.Mi_Market_Price.hdbtable
db/src/gen/pg.VpSearchService.vPSearchView.hdbview
db/src/gen/pg.Vp_Vendor_Pool_Export_Mst.hdbtable
db/src/gen/pg.Vp_Vendor_Pool_Item_Dtl.hdbtable
db/src/gen/pg.Vp_Vendor_Pool_Manager_Dtl.hdbtable
db/src/gen/pg.Vp_Vendor_Pool_Manager_Tmp.hdbtable
db/src/gen/pg.Vp_Vendor_Pool_Mst.hdbtable
db/src/gen/pg.Vp_Vendor_Pool_Request_Enter_Dtl.hdbtable
db/src/gen/pg.Vp_Vendor_Pool_Request_Header.hdbtable
db/src/gen/pg.Vp_Vendor_Pool_Request_Manager_Dtl.hdbtable
db/src/gen/pg.Vp_Vendor_Pool_Request_Re_Item_Dtl.hdbtable
db/src/gen/pg.Vp_Vendor_Pool_Request_Re_Supplier_Dtl.hdbtable
db/src/gen/pg.Vp_Vendor_Pool_Request_Reconstruct_Dtl.hdbtable
db/src/gen/pg.Vp_Vendor_Pool_Request_Supplier_Dtl.hdbtable
db/src/gen/pg.Vp_Vendor_Pool_Supplier_Dtl.hdbtable
db/src/gen/pg.Vp_Vendor_Pool_Supplier_Tmp.hdbtable
db/src/gen/xx.SampleGrpMgrService.SampleGroups.hdbview
db/src/gen/xx.SampleMgrService.SampleDetails.hdbview
db/src/gen/xx.SampleMgrService.SampleHeaders.hdbview
db/src/gen/xx.SampleMgrService.SampleMgrView.hdbview
db/src/gen/xx.SampleMgrService.SampleView.hdbview
db/src/gen/xx.SampleMgrService.SampleViewCondition.hdbview
db/src/gen/xx.SampleMstMgrService.MasterFunc.hdbview
db/src/gen/xx.SampleMstMgrService.SampleMasters.hdbview
db/src/gen/xx.Sample_Detail.hdbtable
db/src/gen/xx.Sample_Group.hdbtable
db/src/gen/xx.Sample_Header.hdbtable
db/src/gen/xx.Sample_Master.hdbtable
db/src/gen/xx.Sample_Mgr_View2.hdbview
db/src/gen/xx.TestTableService.TestTable.hdbview
db/src/gen/xx.Test_Table.hdbtable
srv/src/main/resources/edmx/cm.CalendarHolidayMgrService.xml
srv/src/main/resources/edmx/cm.CalendarHolidayMgrService_ar.xml
srv/src/main/resources/edmx/cm.CalendarHolidayMgrService_cs.xml
srv/src/main/resources/edmx/cm.CalendarHolidayMgrService_da.xml
srv/src/main/resources/edmx/cm.CalendarHolidayMgrService_de.xml
srv/src/main/resources/edmx/cm.CalendarHolidayMgrService_en.xml
srv/src/main/resources/edmx/cm.CalendarHolidayMgrService_es.xml
srv/src/main/resources/edmx/cm.CalendarHolidayMgrService_fi.xml
srv/src/main/resources/edmx/cm.CalendarHolidayMgrService_fr.xml
srv/src/main/resources/edmx/cm.CalendarHolidayMgrService_hu.xml
srv/src/main/resources/edmx/cm.CalendarHolidayMgrService_it.xml
srv/src/main/resources/edmx/cm.CalendarHolidayMgrService_ja.xml
srv/src/main/resources/edmx/cm.CalendarHolidayMgrService_ko.xml
srv/src/main/resources/edmx/cm.CalendarHolidayMgrService_ms.xml
srv/src/main/resources/edmx/cm.CalendarHolidayMgrService_nl.xml
srv/src/main/resources/edmx/cm.CalendarHolidayMgrService_no.xml
srv/src/main/resources/edmx/cm.CalendarHolidayMgrService_pl.xml
srv/src/main/resources/edmx/cm.CalendarHolidayMgrService_pt.xml
srv/src/main/resources/edmx/cm.CalendarHolidayMgrService_ro.xml
srv/src/main/resources/edmx/cm.CalendarHolidayMgrService_ru.xml
srv/src/main/resources/edmx/cm.CalendarHolidayMgrService_sv.xml
srv/src/main/resources/edmx/cm.CalendarHolidayMgrService_th.xml
srv/src/main/resources/edmx/cm.CalendarHolidayMgrService_tr.xml
srv/src/main/resources/edmx/cm.CalendarHolidayMgrService_zh_CN.xml
srv/src/main/resources/edmx/cm.CalendarHolidayMgrService_zh_TW.xml
srv/src/main/resources/edmx/cm.CodeMgrService.xml
srv/src/main/resources/edmx/cm.CodeMgrService_ar.xml
srv/src/main/resources/edmx/cm.CodeMgrService_cs.xml
srv/src/main/resources/edmx/cm.CodeMgrService_da.xml
srv/src/main/resources/edmx/cm.CodeMgrService_de.xml
srv/src/main/resources/edmx/cm.CodeMgrService_en.xml
srv/src/main/resources/edmx/cm.CodeMgrService_es.xml
srv/src/main/resources/edmx/cm.CodeMgrService_fi.xml
srv/src/main/resources/edmx/cm.CodeMgrService_fr.xml
srv/src/main/resources/edmx/cm.CodeMgrService_hu.xml
srv/src/main/resources/edmx/cm.CodeMgrService_it.xml
srv/src/main/resources/edmx/cm.CodeMgrService_ja.xml
srv/src/main/resources/edmx/cm.CodeMgrService_ko.xml
srv/src/main/resources/edmx/cm.CodeMgrService_ms.xml
srv/src/main/resources/edmx/cm.CodeMgrService_nl.xml
srv/src/main/resources/edmx/cm.CodeMgrService_no.xml
srv/src/main/resources/edmx/cm.CodeMgrService_pl.xml
srv/src/main/resources/edmx/cm.CodeMgrService_pt.xml
srv/src/main/resources/edmx/cm.CodeMgrService_ro.xml
srv/src/main/resources/edmx/cm.CodeMgrService_ru.xml
srv/src/main/resources/edmx/cm.CodeMgrService_sv.xml
srv/src/main/resources/edmx/cm.CodeMgrService_th.xml
srv/src/main/resources/edmx/cm.CodeMgrService_tr.xml
srv/src/main/resources/edmx/cm.CodeMgrService_zh_CN.xml
srv/src/main/resources/edmx/cm.CodeMgrService_zh_TW.xml
srv/src/main/resources/edmx/cm.ControlOptionMgrService.xml
srv/src/main/resources/edmx/cm.ControlOptionMgrService_ar.xml
srv/src/main/resources/edmx/cm.ControlOptionMgrService_cs.xml
srv/src/main/resources/edmx/cm.ControlOptionMgrService_da.xml
srv/src/main/resources/edmx/cm.ControlOptionMgrService_de.xml
srv/src/main/resources/edmx/cm.ControlOptionMgrService_en.xml
srv/src/main/resources/edmx/cm.ControlOptionMgrService_es.xml
srv/src/main/resources/edmx/cm.ControlOptionMgrService_fi.xml
srv/src/main/resources/edmx/cm.ControlOptionMgrService_fr.xml
srv/src/main/resources/edmx/cm.ControlOptionMgrService_hu.xml
srv/src/main/resources/edmx/cm.ControlOptionMgrService_it.xml
srv/src/main/resources/edmx/cm.ControlOptionMgrService_ja.xml
srv/src/main/resources/edmx/cm.ControlOptionMgrService_ko.xml
srv/src/main/resources/edmx/cm.ControlOptionMgrService_ms.xml
srv/src/main/resources/edmx/cm.ControlOptionMgrService_nl.xml
srv/src/main/resources/edmx/cm.ControlOptionMgrService_no.xml
srv/src/main/resources/edmx/cm.ControlOptionMgrService_pl.xml
srv/src/main/resources/edmx/cm.ControlOptionMgrService_pt.xml
srv/src/main/resources/edmx/cm.ControlOptionMgrService_ro.xml
srv/src/main/resources/edmx/cm.ControlOptionMgrService_ru.xml
srv/src/main/resources/edmx/cm.ControlOptionMgrService_sv.xml
srv/src/main/resources/edmx/cm.ControlOptionMgrService_th.xml
srv/src/main/resources/edmx/cm.ControlOptionMgrService_tr.xml
srv/src/main/resources/edmx/cm.ControlOptionMgrService_zh_CN.xml
srv/src/main/resources/edmx/cm.ControlOptionMgrService_zh_TW.xml
srv/src/main/resources/edmx/cm.CountryMgrService.xml
srv/src/main/resources/edmx/cm.CountryMgrService_ar.xml
srv/src/main/resources/edmx/cm.CountryMgrService_cs.xml
srv/src/main/resources/edmx/cm.CountryMgrService_da.xml
srv/src/main/resources/edmx/cm.CountryMgrService_de.xml
srv/src/main/resources/edmx/cm.CountryMgrService_en.xml
srv/src/main/resources/edmx/cm.CountryMgrService_es.xml
srv/src/main/resources/edmx/cm.CountryMgrService_fi.xml
srv/src/main/resources/edmx/cm.CountryMgrService_fr.xml
srv/src/main/resources/edmx/cm.CountryMgrService_hu.xml
srv/src/main/resources/edmx/cm.CountryMgrService_it.xml
srv/src/main/resources/edmx/cm.CountryMgrService_ja.xml
srv/src/main/resources/edmx/cm.CountryMgrService_ko.xml
srv/src/main/resources/edmx/cm.CountryMgrService_ms.xml
srv/src/main/resources/edmx/cm.CountryMgrService_nl.xml
srv/src/main/resources/edmx/cm.CountryMgrService_no.xml
srv/src/main/resources/edmx/cm.CountryMgrService_pl.xml
srv/src/main/resources/edmx/cm.CountryMgrService_pt.xml
srv/src/main/resources/edmx/cm.CountryMgrService_ro.xml
srv/src/main/resources/edmx/cm.CountryMgrService_ru.xml
srv/src/main/resources/edmx/cm.CountryMgrService_sv.xml
srv/src/main/resources/edmx/cm.CountryMgrService_th.xml
srv/src/main/resources/edmx/cm.CountryMgrService_tr.xml
srv/src/main/resources/edmx/cm.CountryMgrService_zh_CN.xml
srv/src/main/resources/edmx/cm.CountryMgrService_zh_TW.xml
srv/src/main/resources/edmx/cm.CurrencyMgrService.xml
srv/src/main/resources/edmx/cm.CurrencyMgrService_ar.xml
srv/src/main/resources/edmx/cm.CurrencyMgrService_cs.xml
srv/src/main/resources/edmx/cm.CurrencyMgrService_da.xml
srv/src/main/resources/edmx/cm.CurrencyMgrService_de.xml
srv/src/main/resources/edmx/cm.CurrencyMgrService_en.xml
srv/src/main/resources/edmx/cm.CurrencyMgrService_es.xml
srv/src/main/resources/edmx/cm.CurrencyMgrService_fi.xml
srv/src/main/resources/edmx/cm.CurrencyMgrService_fr.xml
srv/src/main/resources/edmx/cm.CurrencyMgrService_hu.xml
srv/src/main/resources/edmx/cm.CurrencyMgrService_it.xml
srv/src/main/resources/edmx/cm.CurrencyMgrService_ja.xml
srv/src/main/resources/edmx/cm.CurrencyMgrService_ko.xml
srv/src/main/resources/edmx/cm.CurrencyMgrService_ms.xml
srv/src/main/resources/edmx/cm.CurrencyMgrService_nl.xml
srv/src/main/resources/edmx/cm.CurrencyMgrService_no.xml
srv/src/main/resources/edmx/cm.CurrencyMgrService_pl.xml
srv/src/main/resources/edmx/cm.CurrencyMgrService_pt.xml
srv/src/main/resources/edmx/cm.CurrencyMgrService_ro.xml
srv/src/main/resources/edmx/cm.CurrencyMgrService_ru.xml
srv/src/main/resources/edmx/cm.CurrencyMgrService_sv.xml
srv/src/main/resources/edmx/cm.CurrencyMgrService_th.xml
srv/src/main/resources/edmx/cm.CurrencyMgrService_tr.xml
srv/src/main/resources/edmx/cm.CurrencyMgrService_zh_CN.xml
srv/src/main/resources/edmx/cm.CurrencyMgrService_zh_TW.xml
srv/src/main/resources/edmx/cm.HrEmployeeMgrService.xml
srv/src/main/resources/edmx/cm.HrEmployeeMgrService_ar.xml
srv/src/main/resources/edmx/cm.HrEmployeeMgrService_cs.xml
srv/src/main/resources/edmx/cm.HrEmployeeMgrService_da.xml
srv/src/main/resources/edmx/cm.HrEmployeeMgrService_de.xml
srv/src/main/resources/edmx/cm.HrEmployeeMgrService_en.xml
srv/src/main/resources/edmx/cm.HrEmployeeMgrService_es.xml
srv/src/main/resources/edmx/cm.HrEmployeeMgrService_fi.xml
srv/src/main/resources/edmx/cm.HrEmployeeMgrService_fr.xml
srv/src/main/resources/edmx/cm.HrEmployeeMgrService_hu.xml
srv/src/main/resources/edmx/cm.HrEmployeeMgrService_it.xml
srv/src/main/resources/edmx/cm.HrEmployeeMgrService_ja.xml
srv/src/main/resources/edmx/cm.HrEmployeeMgrService_ko.xml
srv/src/main/resources/edmx/cm.HrEmployeeMgrService_ms.xml
srv/src/main/resources/edmx/cm.HrEmployeeMgrService_nl.xml
srv/src/main/resources/edmx/cm.HrEmployeeMgrService_no.xml
srv/src/main/resources/edmx/cm.HrEmployeeMgrService_pl.xml
srv/src/main/resources/edmx/cm.HrEmployeeMgrService_pt.xml
srv/src/main/resources/edmx/cm.HrEmployeeMgrService_ro.xml
srv/src/main/resources/edmx/cm.HrEmployeeMgrService_ru.xml
srv/src/main/resources/edmx/cm.HrEmployeeMgrService_sv.xml
srv/src/main/resources/edmx/cm.HrEmployeeMgrService_th.xml
srv/src/main/resources/edmx/cm.HrEmployeeMgrService_tr.xml
srv/src/main/resources/edmx/cm.HrEmployeeMgrService_zh_CN.xml
srv/src/main/resources/edmx/cm.HrEmployeeMgrService_zh_TW.xml
srv/src/main/resources/edmx/cm.MsgMgrService.xml
srv/src/main/resources/edmx/cm.MsgMgrService_ar.xml
srv/src/main/resources/edmx/cm.MsgMgrService_cs.xml
srv/src/main/resources/edmx/cm.MsgMgrService_da.xml
srv/src/main/resources/edmx/cm.MsgMgrService_de.xml
srv/src/main/resources/edmx/cm.MsgMgrService_en.xml
srv/src/main/resources/edmx/cm.MsgMgrService_es.xml
srv/src/main/resources/edmx/cm.MsgMgrService_fi.xml
srv/src/main/resources/edmx/cm.MsgMgrService_fr.xml
srv/src/main/resources/edmx/cm.MsgMgrService_hu.xml
srv/src/main/resources/edmx/cm.MsgMgrService_it.xml
srv/src/main/resources/edmx/cm.MsgMgrService_ja.xml
srv/src/main/resources/edmx/cm.MsgMgrService_ko.xml
srv/src/main/resources/edmx/cm.MsgMgrService_ms.xml
srv/src/main/resources/edmx/cm.MsgMgrService_nl.xml
srv/src/main/resources/edmx/cm.MsgMgrService_no.xml
srv/src/main/resources/edmx/cm.MsgMgrService_pl.xml
srv/src/main/resources/edmx/cm.MsgMgrService_pt.xml
srv/src/main/resources/edmx/cm.MsgMgrService_ro.xml
srv/src/main/resources/edmx/cm.MsgMgrService_ru.xml
srv/src/main/resources/edmx/cm.MsgMgrService_sv.xml
srv/src/main/resources/edmx/cm.MsgMgrService_th.xml
srv/src/main/resources/edmx/cm.MsgMgrService_tr.xml
srv/src/main/resources/edmx/cm.MsgMgrService_zh_CN.xml
srv/src/main/resources/edmx/cm.MsgMgrService_zh_TW.xml
srv/src/main/resources/edmx/cm.OrgMgrService.xml
srv/src/main/resources/edmx/cm.OrgMgrService_ar.xml
srv/src/main/resources/edmx/cm.OrgMgrService_cs.xml
srv/src/main/resources/edmx/cm.OrgMgrService_da.xml
srv/src/main/resources/edmx/cm.OrgMgrService_de.xml
srv/src/main/resources/edmx/cm.OrgMgrService_en.xml
srv/src/main/resources/edmx/cm.OrgMgrService_es.xml
srv/src/main/resources/edmx/cm.OrgMgrService_fi.xml
srv/src/main/resources/edmx/cm.OrgMgrService_fr.xml
srv/src/main/resources/edmx/cm.OrgMgrService_hu.xml
srv/src/main/resources/edmx/cm.OrgMgrService_it.xml
srv/src/main/resources/edmx/cm.OrgMgrService_ja.xml
srv/src/main/resources/edmx/cm.OrgMgrService_ko.xml
srv/src/main/resources/edmx/cm.OrgMgrService_ms.xml
srv/src/main/resources/edmx/cm.OrgMgrService_nl.xml
srv/src/main/resources/edmx/cm.OrgMgrService_no.xml
srv/src/main/resources/edmx/cm.OrgMgrService_pl.xml
srv/src/main/resources/edmx/cm.OrgMgrService_pt.xml
srv/src/main/resources/edmx/cm.OrgMgrService_ro.xml
srv/src/main/resources/edmx/cm.OrgMgrService_ru.xml
srv/src/main/resources/edmx/cm.OrgMgrService_sv.xml
srv/src/main/resources/edmx/cm.OrgMgrService_th.xml
srv/src/main/resources/edmx/cm.OrgMgrService_tr.xml
srv/src/main/resources/edmx/cm.OrgMgrService_zh_CN.xml
srv/src/main/resources/edmx/cm.OrgMgrService_zh_TW.xml
srv/src/main/resources/edmx/cm.TimeZoneMgrService.xml
srv/src/main/resources/edmx/cm.TimeZoneMgrService_ar.xml
srv/src/main/resources/edmx/cm.TimeZoneMgrService_cs.xml
srv/src/main/resources/edmx/cm.TimeZoneMgrService_da.xml
srv/src/main/resources/edmx/cm.TimeZoneMgrService_de.xml
srv/src/main/resources/edmx/cm.TimeZoneMgrService_en.xml
srv/src/main/resources/edmx/cm.TimeZoneMgrService_es.xml
srv/src/main/resources/edmx/cm.TimeZoneMgrService_fi.xml
srv/src/main/resources/edmx/cm.TimeZoneMgrService_fr.xml
srv/src/main/resources/edmx/cm.TimeZoneMgrService_hu.xml
srv/src/main/resources/edmx/cm.TimeZoneMgrService_it.xml
srv/src/main/resources/edmx/cm.TimeZoneMgrService_ja.xml
srv/src/main/resources/edmx/cm.TimeZoneMgrService_ko.xml
srv/src/main/resources/edmx/cm.TimeZoneMgrService_ms.xml
srv/src/main/resources/edmx/cm.TimeZoneMgrService_nl.xml
srv/src/main/resources/edmx/cm.TimeZoneMgrService_no.xml
srv/src/main/resources/edmx/cm.TimeZoneMgrService_pl.xml
srv/src/main/resources/edmx/cm.TimeZoneMgrService_pt.xml
srv/src/main/resources/edmx/cm.TimeZoneMgrService_ro.xml
srv/src/main/resources/edmx/cm.TimeZoneMgrService_ru.xml
srv/src/main/resources/edmx/cm.TimeZoneMgrService_sv.xml
srv/src/main/resources/edmx/cm.TimeZoneMgrService_th.xml
srv/src/main/resources/edmx/cm.TimeZoneMgrService_tr.xml
srv/src/main/resources/edmx/cm.TimeZoneMgrService_zh_CN.xml
srv/src/main/resources/edmx/cm.TimeZoneMgrService_zh_TW.xml
srv/src/main/resources/edmx/csn.json
srv/src/main/resources/edmx/dp.DetailSpecEntryService.xml
srv/src/main/resources/edmx/dp.DetailSpecEntryService_ar.xml
srv/src/main/resources/edmx/dp.DetailSpecEntryService_cs.xml
srv/src/main/resources/edmx/dp.DetailSpecEntryService_da.xml
srv/src/main/resources/edmx/dp.DetailSpecEntryService_de.xml
srv/src/main/resources/edmx/dp.DetailSpecEntryService_en.xml
srv/src/main/resources/edmx/dp.DetailSpecEntryService_es.xml
srv/src/main/resources/edmx/dp.DetailSpecEntryService_fi.xml
srv/src/main/resources/edmx/dp.DetailSpecEntryService_fr.xml
srv/src/main/resources/edmx/dp.DetailSpecEntryService_hu.xml
srv/src/main/resources/edmx/dp.DetailSpecEntryService_it.xml
srv/src/main/resources/edmx/dp.DetailSpecEntryService_ja.xml
srv/src/main/resources/edmx/dp.DetailSpecEntryService_ko.xml
srv/src/main/resources/edmx/dp.DetailSpecEntryService_ms.xml
srv/src/main/resources/edmx/dp.DetailSpecEntryService_nl.xml
srv/src/main/resources/edmx/dp.DetailSpecEntryService_no.xml
srv/src/main/resources/edmx/dp.DetailSpecEntryService_pl.xml
srv/src/main/resources/edmx/dp.DetailSpecEntryService_pt.xml
srv/src/main/resources/edmx/dp.DetailSpecEntryService_ro.xml
srv/src/main/resources/edmx/dp.DetailSpecEntryService_ru.xml
srv/src/main/resources/edmx/dp.DetailSpecEntryService_sv.xml
srv/src/main/resources/edmx/dp.DetailSpecEntryService_th.xml
srv/src/main/resources/edmx/dp.DetailSpecEntryService_tr.xml
srv/src/main/resources/edmx/dp.DetailSpecEntryService_zh_CN.xml
srv/src/main/resources/edmx/dp.DetailSpecEntryService_zh_TW.xml
srv/src/main/resources/edmx/dp.DevelopmentReceiptService.xml
srv/src/main/resources/edmx/dp.DevelopmentReceiptService_ar.xml
srv/src/main/resources/edmx/dp.DevelopmentReceiptService_cs.xml
srv/src/main/resources/edmx/dp.DevelopmentReceiptService_da.xml
srv/src/main/resources/edmx/dp.DevelopmentReceiptService_de.xml
srv/src/main/resources/edmx/dp.DevelopmentReceiptService_en.xml
srv/src/main/resources/edmx/dp.DevelopmentReceiptService_es.xml
srv/src/main/resources/edmx/dp.DevelopmentReceiptService_fi.xml
srv/src/main/resources/edmx/dp.DevelopmentReceiptService_fr.xml
srv/src/main/resources/edmx/dp.DevelopmentReceiptService_hu.xml
srv/src/main/resources/edmx/dp.DevelopmentReceiptService_it.xml
srv/src/main/resources/edmx/dp.DevelopmentReceiptService_ja.xml
srv/src/main/resources/edmx/dp.DevelopmentReceiptService_ko.xml
srv/src/main/resources/edmx/dp.DevelopmentReceiptService_ms.xml
srv/src/main/resources/edmx/dp.DevelopmentReceiptService_nl.xml
srv/src/main/resources/edmx/dp.DevelopmentReceiptService_no.xml
srv/src/main/resources/edmx/dp.DevelopmentReceiptService_pl.xml
srv/src/main/resources/edmx/dp.DevelopmentReceiptService_pt.xml
srv/src/main/resources/edmx/dp.DevelopmentReceiptService_ro.xml
srv/src/main/resources/edmx/dp.DevelopmentReceiptService_ru.xml
srv/src/main/resources/edmx/dp.DevelopmentReceiptService_sv.xml
srv/src/main/resources/edmx/dp.DevelopmentReceiptService_th.xml
srv/src/main/resources/edmx/dp.DevelopmentReceiptService_tr.xml
srv/src/main/resources/edmx/dp.DevelopmentReceiptService_zh_CN.xml
srv/src/main/resources/edmx/dp.DevelopmentReceiptService_zh_TW.xml
srv/src/main/resources/edmx/ep.LoiMgrService.xml
srv/src/main/resources/edmx/ep.LoiMgrService_ar.xml
srv/src/main/resources/edmx/ep.LoiMgrService_cs.xml
srv/src/main/resources/edmx/ep.LoiMgrService_da.xml
srv/src/main/resources/edmx/ep.LoiMgrService_de.xml
srv/src/main/resources/edmx/ep.LoiMgrService_en.xml
srv/src/main/resources/edmx/ep.LoiMgrService_es.xml
srv/src/main/resources/edmx/ep.LoiMgrService_fi.xml
srv/src/main/resources/edmx/ep.LoiMgrService_fr.xml
srv/src/main/resources/edmx/ep.LoiMgrService_hu.xml
srv/src/main/resources/edmx/ep.LoiMgrService_it.xml
srv/src/main/resources/edmx/ep.LoiMgrService_ja.xml
srv/src/main/resources/edmx/ep.LoiMgrService_ko.xml
srv/src/main/resources/edmx/ep.LoiMgrService_ms.xml
srv/src/main/resources/edmx/ep.LoiMgrService_nl.xml
srv/src/main/resources/edmx/ep.LoiMgrService_no.xml
srv/src/main/resources/edmx/ep.LoiMgrService_pl.xml
srv/src/main/resources/edmx/ep.LoiMgrService_pt.xml
srv/src/main/resources/edmx/ep.LoiMgrService_ro.xml
srv/src/main/resources/edmx/ep.LoiMgrService_ru.xml
srv/src/main/resources/edmx/ep.LoiMgrService_sv.xml
srv/src/main/resources/edmx/ep.LoiMgrService_th.xml
srv/src/main/resources/edmx/ep.LoiMgrService_tr.xml
srv/src/main/resources/edmx/ep.LoiMgrService_zh_CN.xml
srv/src/main/resources/edmx/ep.LoiMgrService_zh_TW.xml
srv/src/main/resources/edmx/pg.MdCategory.xml
srv/src/main/resources/edmx/pg.MdCategory_ar.xml
srv/src/main/resources/edmx/pg.MdCategory_cs.xml
srv/src/main/resources/edmx/pg.MdCategory_da.xml
srv/src/main/resources/edmx/pg.MdCategory_de.xml
srv/src/main/resources/edmx/pg.MdCategory_en.xml
srv/src/main/resources/edmx/pg.MdCategory_es.xml
srv/src/main/resources/edmx/pg.MdCategory_fi.xml
srv/src/main/resources/edmx/pg.MdCategory_fr.xml
srv/src/main/resources/edmx/pg.MdCategory_hu.xml
srv/src/main/resources/edmx/pg.MdCategory_it.xml
srv/src/main/resources/edmx/pg.MdCategory_ja.xml
srv/src/main/resources/edmx/pg.MdCategory_ko.xml
srv/src/main/resources/edmx/pg.MdCategory_ms.xml
srv/src/main/resources/edmx/pg.MdCategory_nl.xml
srv/src/main/resources/edmx/pg.MdCategory_no.xml
srv/src/main/resources/edmx/pg.MdCategory_pl.xml
srv/src/main/resources/edmx/pg.MdCategory_pt.xml
srv/src/main/resources/edmx/pg.MdCategory_ro.xml
srv/src/main/resources/edmx/pg.MdCategory_ru.xml
srv/src/main/resources/edmx/pg.MdCategory_sv.xml
srv/src/main/resources/edmx/pg.MdCategory_th.xml
srv/src/main/resources/edmx/pg.MdCategory_tr.xml
srv/src/main/resources/edmx/pg.MdCategory_zh_CN.xml
srv/src/main/resources/edmx/pg.MdCategory_zh_TW.xml
srv/src/main/resources/edmx/pg.MiItemMasterService.xml
srv/src/main/resources/edmx/pg.MiItemMasterService_ar.xml
srv/src/main/resources/edmx/pg.MiItemMasterService_cs.xml
srv/src/main/resources/edmx/pg.MiItemMasterService_da.xml
srv/src/main/resources/edmx/pg.MiItemMasterService_de.xml
srv/src/main/resources/edmx/pg.MiItemMasterService_en.xml
srv/src/main/resources/edmx/pg.MiItemMasterService_es.xml
srv/src/main/resources/edmx/pg.MiItemMasterService_fi.xml
srv/src/main/resources/edmx/pg.MiItemMasterService_fr.xml
srv/src/main/resources/edmx/pg.MiItemMasterService_hu.xml
srv/src/main/resources/edmx/pg.MiItemMasterService_it.xml
srv/src/main/resources/edmx/pg.MiItemMasterService_ja.xml
srv/src/main/resources/edmx/pg.MiItemMasterService_ko.xml
srv/src/main/resources/edmx/pg.MiItemMasterService_ms.xml
srv/src/main/resources/edmx/pg.MiItemMasterService_nl.xml
srv/src/main/resources/edmx/pg.MiItemMasterService_no.xml
srv/src/main/resources/edmx/pg.MiItemMasterService_pl.xml
srv/src/main/resources/edmx/pg.MiItemMasterService_pt.xml
srv/src/main/resources/edmx/pg.MiItemMasterService_ro.xml
srv/src/main/resources/edmx/pg.MiItemMasterService_ru.xml
srv/src/main/resources/edmx/pg.MiItemMasterService_sv.xml
srv/src/main/resources/edmx/pg.MiItemMasterService_th.xml
srv/src/main/resources/edmx/pg.MiItemMasterService_tr.xml
srv/src/main/resources/edmx/pg.MiItemMasterService_zh_CN.xml
srv/src/main/resources/edmx/pg.MiItemMasterService_zh_TW.xml
srv/src/main/resources/edmx/pg.VpSearchService.xml
srv/src/main/resources/edmx/pg.VpSearchService_ar.xml
srv/src/main/resources/edmx/pg.VpSearchService_cs.xml
srv/src/main/resources/edmx/pg.VpSearchService_da.xml
srv/src/main/resources/edmx/pg.VpSearchService_de.xml
srv/src/main/resources/edmx/pg.VpSearchService_en.xml
srv/src/main/resources/edmx/pg.VpSearchService_es.xml
srv/src/main/resources/edmx/pg.VpSearchService_fi.xml
srv/src/main/resources/edmx/pg.VpSearchService_fr.xml
srv/src/main/resources/edmx/pg.VpSearchService_hu.xml
srv/src/main/resources/edmx/pg.VpSearchService_it.xml
srv/src/main/resources/edmx/pg.VpSearchService_ja.xml
srv/src/main/resources/edmx/pg.VpSearchService_ko.xml
srv/src/main/resources/edmx/pg.VpSearchService_ms.xml
srv/src/main/resources/edmx/pg.VpSearchService_nl.xml
srv/src/main/resources/edmx/pg.VpSearchService_no.xml
srv/src/main/resources/edmx/pg.VpSearchService_pl.xml
srv/src/main/resources/edmx/pg.VpSearchService_pt.xml
srv/src/main/resources/edmx/pg.VpSearchService_ro.xml
srv/src/main/resources/edmx/pg.VpSearchService_ru.xml
srv/src/main/resources/edmx/pg.VpSearchService_sv.xml
srv/src/main/resources/edmx/pg.VpSearchService_th.xml
srv/src/main/resources/edmx/pg.VpSearchService_tr.xml
srv/src/main/resources/edmx/pg.VpSearchService_zh_CN.xml
srv/src/main/resources/edmx/pg.VpSearchService_zh_TW.xml
srv/src/main/resources/edmx/xx.SampleGrpMgrService.xml
srv/src/main/resources/edmx/xx.SampleGrpMgrService_ar.xml
srv/src/main/resources/edmx/xx.SampleGrpMgrService_cs.xml
srv/src/main/resources/edmx/xx.SampleGrpMgrService_da.xml
srv/src/main/resources/edmx/xx.SampleGrpMgrService_de.xml
srv/src/main/resources/edmx/xx.SampleGrpMgrService_en.xml
srv/src/main/resources/edmx/xx.SampleGrpMgrService_es.xml
srv/src/main/resources/edmx/xx.SampleGrpMgrService_fi.xml
srv/src/main/resources/edmx/xx.SampleGrpMgrService_fr.xml
srv/src/main/resources/edmx/xx.SampleGrpMgrService_hu.xml
srv/src/main/resources/edmx/xx.SampleGrpMgrService_it.xml
srv/src/main/resources/edmx/xx.SampleGrpMgrService_ja.xml
srv/src/main/resources/edmx/xx.SampleGrpMgrService_ko.xml
srv/src/main/resources/edmx/xx.SampleGrpMgrService_ms.xml
srv/src/main/resources/edmx/xx.SampleGrpMgrService_nl.xml
srv/src/main/resources/edmx/xx.SampleGrpMgrService_no.xml
srv/src/main/resources/edmx/xx.SampleGrpMgrService_pl.xml
srv/src/main/resources/edmx/xx.SampleGrpMgrService_pt.xml
srv/src/main/resources/edmx/xx.SampleGrpMgrService_ro.xml
srv/src/main/resources/edmx/xx.SampleGrpMgrService_ru.xml
srv/src/main/resources/edmx/xx.SampleGrpMgrService_sv.xml
srv/src/main/resources/edmx/xx.SampleGrpMgrService_th.xml
srv/src/main/resources/edmx/xx.SampleGrpMgrService_tr.xml
srv/src/main/resources/edmx/xx.SampleGrpMgrService_zh_CN.xml
srv/src/main/resources/edmx/xx.SampleGrpMgrService_zh_TW.xml
srv/src/main/resources/edmx/xx.SampleMgrService.xml
srv/src/main/resources/edmx/xx.SampleMgrService_ar.xml
srv/src/main/resources/edmx/xx.SampleMgrService_cs.xml
srv/src/main/resources/edmx/xx.SampleMgrService_da.xml
srv/src/main/resources/edmx/xx.SampleMgrService_de.xml
srv/src/main/resources/edmx/xx.SampleMgrService_en.xml
srv/src/main/resources/edmx/xx.SampleMgrService_es.xml
srv/src/main/resources/edmx/xx.SampleMgrService_fi.xml
srv/src/main/resources/edmx/xx.SampleMgrService_fr.xml
srv/src/main/resources/edmx/xx.SampleMgrService_hu.xml
srv/src/main/resources/edmx/xx.SampleMgrService_it.xml
srv/src/main/resources/edmx/xx.SampleMgrService_ja.xml
srv/src/main/resources/edmx/xx.SampleMgrService_ko.xml
srv/src/main/resources/edmx/xx.SampleMgrService_ms.xml
srv/src/main/resources/edmx/xx.SampleMgrService_nl.xml
srv/src/main/resources/edmx/xx.SampleMgrService_no.xml
srv/src/main/resources/edmx/xx.SampleMgrService_pl.xml
srv/src/main/resources/edmx/xx.SampleMgrService_pt.xml
srv/src/main/resources/edmx/xx.SampleMgrService_ro.xml
srv/src/main/resources/edmx/xx.SampleMgrService_ru.xml
srv/src/main/resources/edmx/xx.SampleMgrService_sv.xml
srv/src/main/resources/edmx/xx.SampleMgrService_th.xml
srv/src/main/resources/edmx/xx.SampleMgrService_tr.xml
srv/src/main/resources/edmx/xx.SampleMgrService_zh_CN.xml
srv/src/main/resources/edmx/xx.SampleMgrService_zh_TW.xml
srv/src/main/resources/edmx/xx.SampleMstMgrService.xml
srv/src/main/resources/edmx/xx.SampleMstMgrService_ar.xml
srv/src/main/resources/edmx/xx.SampleMstMgrService_cs.xml
srv/src/main/resources/edmx/xx.SampleMstMgrService_da.xml
srv/src/main/resources/edmx/xx.SampleMstMgrService_de.xml
srv/src/main/resources/edmx/xx.SampleMstMgrService_en.xml
srv/src/main/resources/edmx/xx.SampleMstMgrService_es.xml
srv/src/main/resources/edmx/xx.SampleMstMgrService_fi.xml
srv/src/main/resources/edmx/xx.SampleMstMgrService_fr.xml
srv/src/main/resources/edmx/xx.SampleMstMgrService_hu.xml
srv/src/main/resources/edmx/xx.SampleMstMgrService_it.xml
srv/src/main/resources/edmx/xx.SampleMstMgrService_ja.xml
srv/src/main/resources/edmx/xx.SampleMstMgrService_ko.xml
srv/src/main/resources/edmx/xx.SampleMstMgrService_ms.xml
srv/src/main/resources/edmx/xx.SampleMstMgrService_nl.xml
srv/src/main/resources/edmx/xx.SampleMstMgrService_no.xml
srv/src/main/resources/edmx/xx.SampleMstMgrService_pl.xml
srv/src/main/resources/edmx/xx.SampleMstMgrService_pt.xml
srv/src/main/resources/edmx/xx.SampleMstMgrService_ro.xml
srv/src/main/resources/edmx/xx.SampleMstMgrService_ru.xml
srv/src/main/resources/edmx/xx.SampleMstMgrService_sv.xml
srv/src/main/resources/edmx/xx.SampleMstMgrService_th.xml
srv/src/main/resources/edmx/xx.SampleMstMgrService_tr.xml
srv/src/main/resources/edmx/xx.SampleMstMgrService_zh_CN.xml
srv/src/main/resources/edmx/xx.SampleMstMgrService_zh_TW.xml
srv/src/main/resources/edmx/xx.TestTableService.xml
srv/src/main/resources/edmx/xx.TestTableService_ar.xml
srv/src/main/resources/edmx/xx.TestTableService_cs.xml
srv/src/main/resources/edmx/xx.TestTableService_da.xml
srv/src/main/resources/edmx/xx.TestTableService_de.xml
srv/src/main/resources/edmx/xx.TestTableService_en.xml
srv/src/main/resources/edmx/xx.TestTableService_es.xml
srv/src/main/resources/edmx/xx.TestTableService_fi.xml
srv/src/main/resources/edmx/xx.TestTableService_fr.xml
srv/src/main/resources/edmx/xx.TestTableService_hu.xml
srv/src/main/resources/edmx/xx.TestTableService_it.xml
srv/src/main/resources/edmx/xx.TestTableService_ja.xml
srv/src/main/resources/edmx/xx.TestTableService_ko.xml
srv/src/main/resources/edmx/xx.TestTableService_ms.xml
srv/src/main/resources/edmx/xx.TestTableService_nl.xml
srv/src/main/resources/edmx/xx.TestTableService_no.xml
srv/src/main/resources/edmx/xx.TestTableService_pl.xml
srv/src/main/resources/edmx/xx.TestTableService_pt.xml
srv/src/main/resources/edmx/xx.TestTableService_ro.xml
srv/src/main/resources/edmx/xx.TestTableService_ru.xml
srv/src/main/resources/edmx/xx.TestTableService_sv.xml
srv/src/main/resources/edmx/xx.TestTableService_th.xml
srv/src/main/resources/edmx/xx.TestTableService_tr.xml
srv/src/main/resources/edmx/xx.TestTableService_zh_CN.xml
srv/src/main/resources/edmx/xx.TestTableService_zh_TW.xml